<?xml version="1.0" encoding="UTF-8"?>
<!-- Generated by org.testng.reporters.JUnitReportReporter -->
<testsuite skipped="0" hostname="DESKTOP-CCA9L3B" name="org.demoWebShop.testscripts.ShoppingCartTest" tests="1" failures="0" timestamp="2022-02-21T21:25:55 IST" time="9.707" errors="0">
  <testcase name="verifyProductAddedInShoppingCart" time="9.707" classname="org.demoWebShop.testscripts.ShoppingCartTest"/>
  <system-out/>
</testsuite> <!-- org.demoWebShop.testscripts.ShoppingCartTest -->
