<?xml version="1.0" encoding="UTF-8"?>
<!-- Generated by org.testng.reporters.JUnitReportReporter -->
<testsuite skipped="0" hostname="DESKTOP-CCA9L3B" name="org.demoWebShop.testscripts.RegisterPageTest" tests="1" failures="0" timestamp="2022-02-21T21:25:55 IST" time="6.912" errors="0">
  <testcase name="verifyRegistration" time="6.912" classname="org.demoWebShop.testscripts.RegisterPageTest"/>
  <system-out/>
</testsuite> <!-- org.demoWebShop.testscripts.RegisterPageTest -->
